[INFO|2025-10-22 01:08:16] llamafactory.launcher:143 >> Initializing 4 distributed tasks at: 127.0.0.1:37029
[WARNING|2025-10-22 01:08:25] llamafactory.extras.misc:154 >> Version checking has been disabled, may lead to unexpected behaviors.
[2025-10-22 01:08:27,820] [INFO] [real_accelerator.py:254:get_accelerator] Setting ds_accelerator to cuda (auto detect)
[2025-10-22 01:08:27,820] [INFO] [real_accelerator.py:254:get_accelerator] Setting ds_accelerator to cuda (auto detect)
[2025-10-22 01:08:27,820] [INFO] [real_accelerator.py:254:get_accelerator] Setting ds_accelerator to cuda (auto detect)
[2025-10-22 01:08:27,820] [INFO] [real_accelerator.py:254:get_accelerator] Setting ds_accelerator to cuda (auto detect)
Warning: sentence-transformers not installed, falling back to simple string similarity for LabelEvaluator. Install with `pip install sentence-transformers` for better results.Warning: sentence-transformers not installed, falling back to simple string similarity for LabelEvaluator. Install with `pip install sentence-transformers` for better results.

Warning: sentence-transformers not installed, falling back to simple string similarity for LabelEvaluator. Install with `pip install sentence-transformers` for better results.
Warning: sentence-transformers not installed, falling back to simple string similarity for LabelEvaluator. Install with `pip install sentence-transformers` for better results.

============================= JOB FEEDBACK =============================

Job ID: 3589930
Cluster: hk
User/Group: bm3844/hk-project-sustainebot
Account: hk-project-p0024638
State: FAILED (exit code 1)
Partition: accelerated
Nodes: 1
Cores per node: 64
Nodelist: hkn0523
CPU Utilized: 00:01:10
CPU Efficiency: 0.99% of 01:57:20 core-walltime
Job Wall-clock time: 00:01:50
Starttime: Wed Oct 22 01:07:02 2025
Endtime: Wed Oct 22 01:08:52 2025
Memory Utilized: 5.60 GB
Memory Efficiency: 1.15% of 485.84 GB (485.84 GB/node)
Energy Consumed: 128922 Joule / 35.8116666666667 Watthours
Average node power draw: 1172.01818181818 Watt
